Arguments: 
  C:\Program Files\nodejs\node.exe C:\Program Files (x86)\Yarn\bin\yarn.js add exoress

PATH: 
  C:\Program Files\Git\mingw64\bin;C:\Program Files\Git\usr\bin;C:\Users\Israel\bin;C:\Users\Israel\bin;C:\Program Files\Git\mingw64\bin;C:\Program Files\Git\usr\local\bin;C:\Program Files\Git\usr\bin;C:\Program Files\Git\usr\bin;C:\Program Files\Git\mingw64\bin;C:\Program Files\Git\usr\bin;C:\Users\Israel\bin;C:\Program Files (x86)\Common Files\Oracle\Java\javapath;C:\Python27;C:\Python27\Scripts;C:\Program Files (x86)\Common Files\Intel\Shared Libraries\redist\intel64\compiler;C:\WINDOWS\system32;C:\WINDOWS;C:\WINDOWS\System32\Wbem;C:\WINDOWS\System32\WindowsPowerShell\v1.0;C:\Program Files (x86)\ATI Technologies\ATI.ACE\Core-Static;C:\WINDOWS\System32\OpenSSH;C:\ProgramData\chocolatey\bin;C:\Program Files (x86)\Yarn\bin;C:\Users\Israel\AppData\Local\Android\Sdk\platform-tools;C:\Program Files\Java\jdk-13.0.1\bin;C:\Program Files\Java\jdk1.8.0_231\bin;C:\Program Files\Java\jre1.8.0_231\bin;C:\Program Files\nodejs;C:\Program Files\Git\cmd;C:\Users\Israel\AppData\Local\Microsoft\WindowsApps;C:\Users\Israel\AppData\Local\Yarn\bin;C:\Users\Israel\AppData\Local\Programs\Microsoft VS Code\bin;C:\Users\Israel\AppData\Local\Android\Sdk\platform-tools;C:\Users\Israel\AppData\Roaming\npm;C:\Program Files\Git\usr\bin\vendor_perl;C:\Program Files\Git\usr\bin\core_perl

Yarn version: 
  1.21.1

Node version: 
  12.14.0

Platform: 
  win32 x64

Trace: 
  Error: https://registry.yarnpkg.com/exoress: Not found
      at Request.params.callback [as _callback] (C:\Program Files (x86)\Yarn\lib\cli.js:66056:18)
      at Request.self.callback (C:\Program Files (x86)\Yarn\lib\cli.js:140665:22)
      at Request.emit (events.js:210:5)
      at Request.<anonymous> (C:\Program Files (x86)\Yarn\lib\cli.js:141637:10)
      at Request.emit (events.js:210:5)
      at IncomingMessage.<anonymous> (C:\Program Files (x86)\Yarn\lib\cli.js:141559:12)
      at Object.onceWrapper (events.js:299:28)
      at IncomingMessage.emit (events.js:215:7)
      at endReadableNT (_stream_readable.js:1184:12)
      at processTicksAndRejections (internal/process/task_queues.js:80:21)

npm manifest: 
  {
    "name": "backend",
    "version": "1.0.0",
    "description": "",
    "main": "index.js",
    "scripts": {
      "test": "echo \"Error: no test specified\" && exit 1"
    },
    "keywords": [],
    "author": "",
    "license": "ISC"
  }

yarn manifest: 
  No manifest

Lockfile: 
  No lockfile
